
## ---------------------- ##
## Running config.status. ##
## ---------------------- ##

This file was extended by amanda config.status 3.3.9, which was
generated by GNU Autoconf 2.69.  Invocation command line was

  CONFIG_FILES    = 
  CONFIG_HEADERS  = 
  CONFIG_LINKS    = 
  CONFIG_COMMANDS = 
  $ ../config.status --file=Amanda/Paths.pm:Amanda/Paths.pm.in

on europa


## ---------------------- ##
## Running config.status. ##
## ---------------------- ##

This file was extended by amanda config.status 3.3.9, which was
generated by GNU Autoconf 2.69.  Invocation command line was

  CONFIG_FILES    = 
  CONFIG_HEADERS  = 
  CONFIG_LINKS    = 
  CONFIG_COMMANDS = 
  $ ../config.status --file=Amanda/Constants.pm:Amanda/Constants.pm.in

on europa

config.status:2828: creating Amanda/Paths.pm
config.status:2828: creating Amanda/Constants.pm
